<?xml version="1.0" encoding="UTF-8"?>
<!-- Generated by org.testng.reporters.JUnitReportReporter -->
<testsuite hostname="DESKTOP-SJ47BRU" failures="0" tests="3" name="Test.getPostRequest" time="9.257" errors="0" timestamp="2020-12-22T15:08:47 IST" skipped="0">
  <testcase classname="Test.getPostRequest" name="test1" time="7.873"/>
  <system-out/>
  <testcase classname="Test.getPostRequest" name="test3" time="0.869"/>
  <system-out/>
  <testcase classname="Test.getPostRequest" name="test2" time="0.515"/>
  <system-out/>
</testsuite> <!-- Test.getPostRequest -->
