<?xml version="1.0" encoding="UTF-8"?>
<!-- Generated by org.testng.reporters.JUnitReportReporter -->
<testsuite hostname="DESKTOP-SJ47BRU" failures="0" tests="3" name="Test.getPostRequestTest" time="4.056" errors="0" timestamp="2020-12-23T15:04:59 IST" skipped="0">
  <testcase classname="Test.getPostRequestTest" name="test3" time="0.947"/>
  <system-out/>
  <testcase classname="Test.getPostRequestTest" name="test2" time="0.631"/>
  <system-out/>
  <testcase classname="Test.getPostRequestTest" name="test1" time="2.478"/>
  <system-out/>
</testsuite> <!-- Test.getPostRequestTest -->
